[WARN ][2017/07/30 00:28:1397 ][org.apache.hadoop.util.NativeCodeLoader.<clinit>(NativeCodeLoader.java:62)]
Unable to load native-hadoop library for your platform... using builtin-java classes where applicable
 [INFO ][2017/07/30 00:28:13580][org.apache.hadoop.conf.Configuration.warnOnceIfDeprecated(Configuration.java:1173)]
session.id is deprecated. Instead, use dfs.metrics.session-id
 [INFO ][2017/07/30 00:28:13581][org.apache.hadoop.metrics.jvm.JvmMetrics.init(JvmMetrics.java:76)]
Initializing JVM Metrics with processName=JobTracker, sessionId=
 [WARN ][2017/07/30 00:28:14148][org.apache.hadoop.mapreduce.JobResourceUploader.uploadFiles(JobResourceUploader.java:64)]
Hadoop command-line option parsing not performed. Implement the Tool interface and execute your application with ToolRunner to remedy this.
 [WARN ][2017/07/30 00:28:14174][org.apache.hadoop.mapreduce.JobResourceUploader.uploadFiles(JobResourceUploader.java:171)]
No job jar file set.  User classes may not be found. See Job or Job#setJar(String).
 [INFO ][2017/07/30 00:28:14201][org.apache.hadoop.mapreduce.lib.input.FileInputFormat.listStatus(FileInputFormat.java:283)]
Total input paths to process : 1
 [INFO ][2017/07/30 00:28:14324][org.apache.hadoop.mapreduce.JobSubmitter.submitJobInternal(JobSubmitter.java:198)]
number of splits:1
 [INFO ][2017/07/30 00:28:14550][org.apache.hadoop.mapreduce.JobSubmitter.printTokens(JobSubmitter.java:287)]
Submitting tokens for job: job_local96098706_0001
 [INFO ][2017/07/30 00:28:14815][org.apache.hadoop.mapreduce.Job.submit(Job.java:1294)]
The url to track the job: http://localhost:8080/
 [INFO ][2017/07/30 00:28:14816][org.apache.hadoop.mapreduce.Job.monitorAndPrintJob(Job.java:1339)]
Running job: job_local96098706_0001
 [INFO ][2017/07/30 00:28:14822][org.apache.hadoop.mapred.LocalJobRunner$Job.createOutputCommitter(LocalJobRunner.java:471)]
OutputCommitter set in config null
 [INFO ][2017/07/30 00:28:14829][org.apache.hadoop.mapreduce.lib.output.FileOutputCommitter.<init>(FileOutputCommitter.java:108)]
File Output Committer Algorithm version is 1
 [INFO ][2017/07/30 00:28:14832][org.apache.hadoop.mapred.LocalJobRunner$Job.createOutputCommitter(LocalJobRunner.java:489)]
OutputCommitter is org.apache.hadoop.mapreduce.lib.output.FileOutputCommitter
 [INFO ][2017/07/30 00:28:14875][org.apache.hadoop.mapred.LocalJobRunner$Job.runTasks(LocalJobRunner.java:448)]
Waiting for map tasks
 [INFO ][2017/07/30 00:28:14876][org.apache.hadoop.mapred.LocalJobRunner$Job$MapTaskRunnable.run(LocalJobRunner.java:224)]
Starting task: attempt_local96098706_0001_m_000000_0
 [INFO ][2017/07/30 00:28:14906][org.apache.hadoop.mapreduce.lib.output.FileOutputCommitter.<init>(FileOutputCommitter.java:108)]
File Output Committer Algorithm version is 1
 [INFO ][2017/07/30 00:28:14919][org.apache.hadoop.mapred.Task.initialize(Task.java:612)]
 Using ResourceCalculatorProcessTree : [ ]
 [INFO ][2017/07/30 00:28:14929][org.apache.hadoop.mapred.MapTask.runNewMapper(MapTask.java:756)]
Processing split: file:/home/testuser/eclipse-workspace/HadoopStudy/HadoopStudy/TestData/flowinput/HTTP_20130313143750.dat:0+4139
 [INFO ][2017/07/30 00:28:1546 ][org.apache.hadoop.mapred.MapTask$MapOutputBuffer.setEquator(MapTask.java:1205)]
(EQUATOR) 0 kvi 26214396(104857584)
 [INFO ][2017/07/30 00:28:1546 ][org.apache.hadoop.mapred.MapTask$MapOutputBuffer.init(MapTask.java:998)]
mapreduce.task.io.sort.mb: 100
 [INFO ][2017/07/30 00:28:1547 ][org.apache.hadoop.mapred.MapTask$MapOutputBuffer.init(MapTask.java:999)]
soft limit at 83886080
 [INFO ][2017/07/30 00:28:1547 ][org.apache.hadoop.mapred.MapTask$MapOutputBuffer.init(MapTask.java:1000)]
bufstart = 0; bufvoid = 104857600
 [INFO ][2017/07/30 00:28:1547 ][org.apache.hadoop.mapred.MapTask$MapOutputBuffer.init(MapTask.java:1001)]
kvstart = 26214396; length = 6553600
 [INFO ][2017/07/30 00:28:1551 ][org.apache.hadoop.mapred.MapTask.createSortingCollector(MapTask.java:403)]
Map output collector class = org.apache.hadoop.mapred.MapTask$MapOutputBuffer
 [INFO ][2017/07/30 00:28:1560 ][org.apache.hadoop.mapreduce.lib.input.LineRecordReader.skipUtfByteOrderMark(LineRecordReader.java:157)]
Found UTF-8 BOM and skipped it
 [INFO ][2017/07/30 00:28:1566 ][org.apache.hadoop.mapred.LocalJobRunner$Job.statusUpdate(LocalJobRunner.java:591)]

 [INFO ][2017/07/30 00:28:1567 ][org.apache.hadoop.mapred.MapTask$MapOutputBuffer.flush(MapTask.java:1460)]
Starting flush of map output
 [INFO ][2017/07/30 00:28:1567 ][org.apache.hadoop.mapred.MapTask$MapOutputBuffer.flush(MapTask.java:1482)]
Spilling map output
 [INFO ][2017/07/30 00:28:1567 ][org.apache.hadoop.mapred.MapTask$MapOutputBuffer.flush(MapTask.java:1483)]
bufstart = 0; bufend = 1545; bufvoid = 104857600
 [INFO ][2017/07/30 00:28:1568 ][org.apache.hadoop.mapred.MapTask$MapOutputBuffer.flush(MapTask.java:1485)]
kvstart = 26214396(104857584); kvend = 26214228(104856912); length = 169/6553600
 [INFO ][2017/07/30 00:28:1582 ][org.apache.hadoop.mapred.MapTask$MapOutputBuffer.sortAndSpill(MapTask.java:1667)]
Finished spill 0
 [INFO ][2017/07/30 00:28:1586 ][org.apache.hadoop.mapred.Task.done(Task.java:1038)]
Task:attempt_local96098706_0001_m_000000_0 is done. And is in the process of committing
 [INFO ][2017/07/30 00:28:1594 ][org.apache.hadoop.mapred.LocalJobRunner$Job.statusUpdate(LocalJobRunner.java:591)]
map
 [INFO ][2017/07/30 00:28:1595 ][org.apache.hadoop.mapred.Task.sendDone(Task.java:1158)]
Task 'attempt_local96098706_0001_m_000000_0' done.
 [INFO ][2017/07/30 00:28:1595 ][org.apache.hadoop.mapred.LocalJobRunner$Job$MapTaskRunnable.run(LocalJobRunner.java:249)]
Finishing task: attempt_local96098706_0001_m_000000_0
 [INFO ][2017/07/30 00:28:1595 ][org.apache.hadoop.mapred.LocalJobRunner$Job.runTasks(LocalJobRunner.java:456)]
map task executor complete.
 [INFO ][2017/07/30 00:28:15105][org.apache.hadoop.mapred.LocalJobRunner$Job.runTasks(LocalJobRunner.java:448)]
Waiting for reduce tasks
 [INFO ][2017/07/30 00:28:15106][org.apache.hadoop.mapred.LocalJobRunner$Job$ReduceTaskRunnable.run(LocalJobRunner.java:302)]
Starting task: attempt_local96098706_0001_r_000000_0
 [INFO ][2017/07/30 00:28:15112][org.apache.hadoop.mapreduce.lib.output.FileOutputCommitter.<init>(FileOutputCommitter.java:108)]
File Output Committer Algorithm version is 1
 [INFO ][2017/07/30 00:28:15112][org.apache.hadoop.mapred.Task.initialize(Task.java:612)]
 Using ResourceCalculatorProcessTree : [ ]
 [INFO ][2017/07/30 00:28:15115][org.apache.hadoop.mapred.ReduceTask.run(ReduceTask.java:362)]
Using ShuffleConsumerPlugin: org.apache.hadoop.mapreduce.task.reduce.Shuffle@49d437dd
 [INFO ][2017/07/30 00:28:15138][org.apache.hadoop.mapreduce.task.reduce.MergeManagerImpl.<init>(MergeManagerImpl.java:197)]
MergerManager: memoryLimit=492149152, maxSingleShuffleLimit=123037288, mergeThreshold=324818464, ioSortFactor=10, memToMemMergeOutputsThreshold=10
 [INFO ][2017/07/30 00:28:15163][org.apache.hadoop.mapreduce.task.reduce.EventFetcher.run(EventFetcher.java:61)]
attempt_local96098706_0001_r_000000_0 Thread started: EventFetcher for fetching Map Completion Events
 [INFO ][2017/07/30 00:28:15212][org.apache.hadoop.mapreduce.task.reduce.LocalFetcher.copyMapOutput(LocalFetcher.java:144)]
localfetcher#1 about to shuffle output of map attempt_local96098706_0001_m_000000_0 decomp: 1633 len: 1637 to MEMORY
 [INFO ][2017/07/30 00:28:15218][org.apache.hadoop.mapreduce.task.reduce.InMemoryMapOutput.shuffle(InMemoryMapOutput.java:100)]
Read 1633 bytes from map-output for attempt_local96098706_0001_m_000000_0
 [INFO ][2017/07/30 00:28:15220][org.apache.hadoop.mapreduce.task.reduce.MergeManagerImpl.closeInMemoryFile(MergeManagerImpl.java:315)]
closeInMemoryFile -> map-output of size: 1633, inMemoryMapOutputs.size() -> 1, commitMemory -> 0, usedMemory ->1633
 [INFO ][2017/07/30 00:28:15222][org.apache.hadoop.mapreduce.task.reduce.EventFetcher.run(EventFetcher.java:76)]
EventFetcher is interrupted.. Returning
 [INFO ][2017/07/30 00:28:15224][org.apache.hadoop.mapred.LocalJobRunner$Job.statusUpdate(LocalJobRunner.java:591)]
1 / 1 copied.
 [INFO ][2017/07/30 00:28:15224][org.apache.hadoop.mapreduce.task.reduce.MergeManagerImpl.finalMerge(MergeManagerImpl.java:687)]
finalMerge called with 1 in-memory map-outputs and 0 on-disk map-outputs
 [INFO ][2017/07/30 00:28:15233][org.apache.hadoop.mapred.Merger$MergeQueue.merge(Merger.java:606)]
Merging 1 sorted segments
 [INFO ][2017/07/30 00:28:15248][org.apache.hadoop.mapred.Merger$MergeQueue.merge(Merger.java:705)]
Down to the last merge-pass, with 1 segments left of total size: 1619 bytes
 [INFO ][2017/07/30 00:28:15249][org.apache.hadoop.mapreduce.task.reduce.MergeManagerImpl.finalMerge(MergeManagerImpl.java:754)]
Merged 1 segments, 1633 bytes to disk to satisfy reduce memory limit
 [INFO ][2017/07/30 00:28:15252][org.apache.hadoop.mapreduce.task.reduce.MergeManagerImpl.finalMerge(MergeManagerImpl.java:784)]
Merging 1 files, 1637 bytes from disk
 [INFO ][2017/07/30 00:28:15253][org.apache.hadoop.mapreduce.task.reduce.MergeManagerImpl.finalMerge(MergeManagerImpl.java:799)]
Merging 0 segments, 0 bytes from memory into reduce
 [INFO ][2017/07/30 00:28:15255][org.apache.hadoop.mapred.Merger$MergeQueue.merge(Merger.java:606)]
Merging 1 sorted segments
 [INFO ][2017/07/30 00:28:15256][org.apache.hadoop.mapred.Merger$MergeQueue.merge(Merger.java:705)]
Down to the last merge-pass, with 1 segments left of total size: 1619 bytes
 [INFO ][2017/07/30 00:28:15257][org.apache.hadoop.mapred.LocalJobRunner$Job.statusUpdate(LocalJobRunner.java:591)]
1 / 1 copied.
 [INFO ][2017/07/30 00:28:15332][org.apache.hadoop.conf.Configuration.warnOnceIfDeprecated(Configuration.java:1173)]
mapred.skip.on is deprecated. Instead, use mapreduce.job.skiprecords
 [INFO ][2017/07/30 00:28:15355][org.apache.hadoop.mapred.Task.done(Task.java:1038)]
Task:attempt_local96098706_0001_r_000000_0 is done. And is in the process of committing
 [INFO ][2017/07/30 00:28:15369][org.apache.hadoop.mapred.LocalJobRunner$Job.statusUpdate(LocalJobRunner.java:591)]
1 / 1 copied.
 [INFO ][2017/07/30 00:28:15370][org.apache.hadoop.mapred.Task.commit(Task.java:1199)]
Task attempt_local96098706_0001_r_000000_0 is allowed to commit now
 [INFO ][2017/07/30 00:28:15376][org.apache.hadoop.mapreduce.lib.output.FileOutputCommitter.commitTask(FileOutputCommitter.java:535)]
Saved output of task 'attempt_local96098706_0001_r_000000_0' to file:/home/testuser/eclipse-workspace/HadoopStudy/HadoopStudy/TestData/flowoutput/_temporary/0/task_local96098706_0001_r_000000
 [INFO ][2017/07/30 00:28:15383][org.apache.hadoop.mapred.LocalJobRunner$Job.statusUpdate(LocalJobRunner.java:591)]
reduce > reduce
 [INFO ][2017/07/30 00:28:15383][org.apache.hadoop.mapred.Task.sendDone(Task.java:1158)]
Task 'attempt_local96098706_0001_r_000000_0' done.
 [INFO ][2017/07/30 00:28:15384][org.apache.hadoop.mapred.LocalJobRunner$Job$ReduceTaskRunnable.run(LocalJobRunner.java:325)]
Finishing task: attempt_local96098706_0001_r_000000_0
 [INFO ][2017/07/30 00:28:15385][org.apache.hadoop.mapred.LocalJobRunner$Job.runTasks(LocalJobRunner.java:456)]
reduce task executor complete.
 [INFO ][2017/07/30 00:28:15819][org.apache.hadoop.mapreduce.Job.monitorAndPrintJob(Job.java:1360)]
Job job_local96098706_0001 running in uber mode : false
 [INFO ][2017/07/30 00:28:15821][org.apache.hadoop.mapreduce.Job.monitorAndPrintJob(Job.java:1367)]
 map 100% reduce 100%
 [INFO ][2017/07/30 00:28:15822][org.apache.hadoop.mapreduce.Job.monitorAndPrintJob(Job.java:1378)]
Job job_local96098706_0001 completed successfully
 [INFO ][2017/07/30 00:28:15885][org.apache.hadoop.mapreduce.Job.monitorAndPrintJob(Job.java:1385)]
Counters: 30
	File System Counters
		FILE: Number of bytes read=12034
		FILE: Number of bytes written=572996
		FILE: Number of read operations=0
		FILE: Number of large read operations=0
		FILE: Number of write operations=0
	Map-Reduce Framework
		Map input records=43
		Map output records=43
		Map output bytes=1545
		Map output materialized bytes=1637
		Input split bytes=169
		Combine input records=0
		Combine output records=0
		Reduce input groups=21
		Reduce shuffle bytes=1637
		Reduce input records=43
		Reduce output records=21
		Spilled Records=86
		Shuffled Maps =1
		Failed Shuffles=0
		Merged Map outputs=1
		GC time elapsed (ms)=0
		Total committed heap usage (bytes)=382730240
	Shuffle Errors
		BAD_ID=0
		CONNECTION=0
		IO_ERROR=0
		WRONG_LENGTH=0
		WRONG_MAP=0
		WRONG_REDUCE=0
	File Input Format Counters 
		Bytes Read=4139
	File Output Format Counters 
		Bytes Written=575
 